  example.cpp
H:\Program Files\IBM\ILOG\CPLEX_Studio128\cplex\include\ilcplex/ilocplexi.h(3552): warning C4996: 'IloCplex::PresolveCallbackI::~PresolveCallbackI': 被声明为已否决
  H:\Program Files\IBM\ILOG\CPLEX_Studio128\cplex\include\ilcplex/ilocplexi.h(2142): note: 编译器已在此处生成“IloCplex::PresolveCallbackI::~PresolveCallbackI”
  H:\Program Files\IBM\ILOG\CPLEX_Studio128\cplex\include\ilcplex/ilocplexi.h(3552): note: 此诊断出现在编译器生成的函数“void *IloCplex::PresolveCallbackI::__delDtor(unsigned int)”中
example.cpp(163): warning C4244: “=”: 从“IloNum”转换到“IloInt”，可能丢失数据
example.cpp(170): warning C4244: “参数”: 从“IloInt”转换到“IloNum”，可能丢失数据
  正在生成代码
  1 of 286 functions ( 0.3%) were compiled, the rest were copied from previous compilation.
    0 functions were new in current compilation
    0 functions had inline decision re-evaluated but remain unchanged
  已完成代码的生成
concert.lib(ilosstructi.obj) : warning LNK4099: 未找到 PDB“concert.pdb”(使用“concert.lib(ilosstructi.obj)”或在“H:\郜振鑫\example\ConsoleApplication1\x64\Release\concert.pdb”中寻找)；正在链接对象，如同没有调试信息一样
concert.lib(ilohash.obj) : warning LNK4099: 未找到 PDB“concert.pdb”(使用“concert.lib(ilohash.obj)”或在“H:\郜振鑫\example\ConsoleApplication1\x64\Release\concert.pdb”中寻找)；正在链接对象，如同没有调试信息一样
concert.lib(iloalg.obj) : warning LNK4099: 未找到 PDB“concert.pdb”(使用“concert.lib(iloalg.obj)”或在“H:\郜振鑫\example\ConsoleApplication1\x64\Release\concert.pdb”中寻找)；正在链接对象，如同没有调试信息一样
concert.lib(iloenv.obj) : warning LNK4099: 未找到 PDB“concert.pdb”(使用“concert.lib(iloenv.obj)”或在“H:\郜振鑫\example\ConsoleApplication1\x64\Release\concert.pdb”中寻找)；正在链接对象，如同没有调试信息一样
concert.lib(ilostimei.obj) : warning LNK4099: 未找到 PDB“concert.pdb”(使用“concert.lib(ilostimei.obj)”或在“H:\郜振鑫\example\ConsoleApplication1\x64\Release\concert.pdb”中寻找)；正在链接对象，如同没有调试信息一样
concert.lib(iloallocator.obj) : warning LNK4099: 未找到 PDB“concert.pdb”(使用“concert.lib(iloallocator.obj)”或在“H:\郜振鑫\example\ConsoleApplication1\x64\Release\concert.pdb”中寻找)；正在链接对象，如同没有调试信息一样
concert.lib(ilosatomi.obj) : warning LNK4099: 未找到 PDB“concert.pdb”(使用“concert.lib(ilosatomi.obj)”或在“H:\郜振鑫\example\ConsoleApplication1\x64\Release\concert.pdb”中寻找)；正在链接对象，如同没有调试信息一样
concert.lib(iloserror.obj) : warning LNK4099: 未找到 PDB“concert.pdb”(使用“concert.lib(iloserror.obj)”或在“H:\郜振鑫\example\ConsoleApplication1\x64\Release\concert.pdb”中寻找)；正在链接对象，如同没有调试信息一样
concert.lib(ilosdisplayi.obj) : warning LNK4099: 未找到 PDB“concert.pdb”(使用“concert.lib(ilosdisplayi.obj)”或在“H:\郜振鑫\example\ConsoleApplication1\x64\Release\concert.pdb”中寻找)；正在链接对象，如同没有调试信息一样
concert.lib(ilorandom.obj) : warning LNK4099: 未找到 PDB“concert.pdb”(使用“concert.lib(ilorandom.obj)”或在“H:\郜振鑫\example\ConsoleApplication1\x64\Release\concert.pdb”中寻找)；正在链接对象，如同没有调试信息一样
concert.lib(ilothread.obj) : warning LNK4099: 未找到 PDB“concert.pdb”(使用“concert.lib(ilothread.obj)”或在“H:\郜振鑫\example\ConsoleApplication1\x64\Release\concert.pdb”中寻找)；正在链接对象，如同没有调试信息一样
concert.lib(ilossol.obj) : warning LNK4099: 未找到 PDB“concert.pdb”(使用“concert.lib(ilossol.obj)”或在“H:\郜振鑫\example\ConsoleApplication1\x64\Release\concert.pdb”中寻找)；正在链接对象，如同没有调试信息一样
concert.lib(ilotypes.obj) : warning LNK4099: 未找到 PDB“concert.pdb”(使用“concert.lib(ilotypes.obj)”或在“H:\郜振鑫\example\ConsoleApplication1\x64\Release\concert.pdb”中寻找)；正在链接对象，如同没有调试信息一样
concert.lib(iloexpression.obj) : warning LNK4099: 未找到 PDB“concert.pdb”(使用“concert.lib(iloexpression.obj)”或在“H:\郜振鑫\example\ConsoleApplication1\x64\Release\concert.pdb”中寻找)；正在链接对象，如同没有调试信息一样
concert.lib(ilosbasic.obj) : warning LNK4099: 未找到 PDB“concert.pdb”(使用“concert.lib(ilosbasic.obj)”或在“H:\郜振鑫\example\ConsoleApplication1\x64\Release\concert.pdb”中寻找)；正在链接对象，如同没有调试信息一样
concert.lib(iloset.obj) : warning LNK4099: 未找到 PDB“concert.pdb”(使用“concert.lib(iloset.obj)”或在“H:\郜振鑫\example\ConsoleApplication1\x64\Release\concert.pdb”中寻找)；正在链接对象，如同没有调试信息一样
concert.lib(iloconstraint.obj) : warning LNK4099: 未找到 PDB“concert.pdb”(使用“concert.lib(iloconstraint.obj)”或在“H:\郜振鑫\example\ConsoleApplication1\x64\Release\concert.pdb”中寻找)；正在链接对象，如同没有调试信息一样
concert.lib(iloanyexpr.obj) : warning LNK4099: 未找到 PDB“concert.pdb”(使用“concert.lib(iloanyexpr.obj)”或在“H:\郜振鑫\example\ConsoleApplication1\x64\Release\concert.pdb”中寻找)；正在链接对象，如同没有调试信息一样
concert.lib(iloextractable.obj) : warning LNK4099: 未找到 PDB“concert.pdb”(使用“concert.lib(iloextractable.obj)”或在“H:\郜振鑫\example\ConsoleApplication1\x64\Release\concert.pdb”中寻找)；正在链接对象，如同没有调试信息一样
concert.lib(ilomap.obj) : warning LNK4099: 未找到 PDB“concert.pdb”(使用“concert.lib(ilomap.obj)”或在“H:\郜振鑫\example\ConsoleApplication1\x64\Release\concert.pdb”中寻找)；正在链接对象，如同没有调试信息一样
concert.lib(ilosmodel.obj) : warning LNK4099: 未找到 PDB“concert.pdb”(使用“concert.lib(ilosmodel.obj)”或在“H:\郜振鑫\example\ConsoleApplication1\x64\Release\concert.pdb”中寻找)；正在链接对象，如同没有调试信息一样
concert.lib(ilosolution.obj) : warning LNK4099: 未找到 PDB“concert.pdb”(使用“concert.lib(ilosolution.obj)”或在“H:\郜振鑫\example\ConsoleApplication1\x64\Release\concert.pdb”中寻找)；正在链接对象，如同没有调试信息一样
concert.lib(iloiterator.obj) : warning LNK4099: 未找到 PDB“concert.pdb”(使用“concert.lib(iloiterator.obj)”或在“H:\郜振鑫\example\ConsoleApplication1\x64\Release\concert.pdb”中寻找)；正在链接对象，如同没有调试信息一样
concert.lib(ilossequencei.obj) : warning LNK4099: 未找到 PDB“concert.pdb”(使用“concert.lib(ilossequencei.obj)”或在“H:\郜振鑫\example\ConsoleApplication1\x64\Release\concert.pdb”中寻找)；正在链接对象，如同没有调试信息一样
concert.lib(ilocollection.obj) : warning LNK4099: 未找到 PDB“concert.pdb”(使用“concert.lib(ilocollection.obj)”或在“H:\郜振鑫\example\ConsoleApplication1\x64\Release\concert.pdb”中寻找)；正在链接对象，如同没有调试信息一样
concert.lib(ilocollectionstruct.obj) : warning LNK4099: 未找到 PDB“concert.pdb”(使用“concert.lib(ilocollectionstruct.obj)”或在“H:\郜振鑫\example\ConsoleApplication1\x64\Release\concert.pdb”中寻找)；正在链接对象，如同没有调试信息一样
concert.lib(ilosimplecollection.obj) : warning LNK4099: 未找到 PDB“concert.pdb”(使用“concert.lib(ilosimplecollection.obj)”或在“H:\郜振鑫\example\ConsoleApplication1\x64\Release\concert.pdb”中寻找)；正在链接对象，如同没有调试信息一样
concert.lib(ilocollectionoperator.obj) : warning LNK4099: 未找到 PDB“concert.pdb”(使用“concert.lib(ilocollectionoperator.obj)”或在“H:\郜振鑫\example\ConsoleApplication1\x64\Release\concert.pdb”中寻找)；正在链接对象，如同没有调试信息一样
concert.lib(ilocollectioniterator.obj) : warning LNK4099: 未找到 PDB“concert.pdb”(使用“concert.lib(ilocollectioniterator.obj)”或在“H:\郜振鑫\example\ConsoleApplication1\x64\Release\concert.pdb”中寻找)；正在链接对象，如同没有调试信息一样
concert.lib(iloskiplist.obj) : warning LNK4099: 未找到 PDB“concert.pdb”(使用“concert.lib(iloskiplist.obj)”或在“H:\郜振鑫\example\ConsoleApplication1\x64\Release\concert.pdb”中寻找)；正在链接对象，如同没有调试信息一样
concert.lib(ilonumfunci.obj) : warning LNK4099: 未找到 PDB“concert.pdb”(使用“concert.lib(ilonumfunci.obj)”或在“H:\郜振鑫\example\ConsoleApplication1\x64\Release\concert.pdb”中寻找)；正在链接对象，如同没有调试信息一样
concert.lib(iloparami.obj) : warning LNK4099: 未找到 PDB“concert.pdb”(使用“concert.lib(iloparami.obj)”或在“H:\郜振鑫\example\ConsoleApplication1\x64\Release\concert.pdb”中寻找)；正在链接对象，如同没有调试信息一样
concert.lib(ilointervalsi.obj) : warning LNK4099: 未找到 PDB“concert.pdb”(使用“concert.lib(ilointervalsi.obj)”或在“H:\郜振鑫\example\ConsoleApplication1\x64\Release\concert.pdb”中寻找)；正在链接对象，如同没有调试信息一样
concert.lib(evalkernel.obj) : warning LNK4099: 未找到 PDB“concert.pdb”(使用“concert.lib(evalkernel.obj)”或在“H:\郜振鑫\example\ConsoleApplication1\x64\Release\concert.pdb”中寻找)；正在链接对象，如同没有调试信息一样
concert.lib(evaluator.obj) : warning LNK4099: 未找到 PDB“concert.pdb”(使用“concert.lib(evaluator.obj)”或在“H:\郜振鑫\example\ConsoleApplication1\x64\Release\concert.pdb”中寻找)；正在链接对象，如同没有调试信息一样
concert.lib(evalexpand.obj) : warning LNK4099: 未找到 PDB“concert.pdb”(使用“concert.lib(evalexpand.obj)”或在“H:\郜振鑫\example\ConsoleApplication1\x64\Release\concert.pdb”中寻找)；正在链接对象，如同没有调试信息一样
concert.lib(strtod.obj) : warning LNK4099: 未找到 PDB“concert.pdb”(使用“concert.lib(strtod.obj)”或在“H:\郜振鑫\example\ConsoleApplication1\x64\Release\concert.pdb”中寻找)；正在链接对象，如同没有调试信息一样
  ConsoleApplication1.vcxproj -> H:\郜振鑫\example\ConsoleApplication1\x64\Release\ConsoleApplication1.exe
